000 (250903.000.000) 2024-04-18 04:58:04 Job submitted from host: <128.104.100.148:9618?addrs=128.104.100.148-9618+[2607-f388-107c-501-216-3eff-feb2-bc11]-9618&alias=learn.chtc.wisc.edu&noUDP&sock=schedd_1351356_64bc>
...
040 (250903.000.000) 2024-04-18 04:58:53 Started transferring input files
	Transferring to host: <128.105.69.183:9618?addrs=128.105.69.183-9618+[2607-f388-2200-100-1270-fdff-fe56-b9c4]-9618&alias=e2566.chtc.wisc.edu&noUDP&sock=slot1_15_1654574_d00c_3332>
...
040 (250903.000.000) 2024-04-18 04:58:59 Finished transferring input files
...
001 (250903.000.000) 2024-04-18 04:59:00 Job executing on host: <128.105.69.183:9618?addrs=128.105.69.183-9618+[2607-f388-2200-100-1270-fdff-fe56-b9c4]-9618&alias=e2566.chtc.wisc.edu&noUDP&sock=startd_12700_b8dd>
	SlotName: slot1_15@e2566.chtc.wisc.edu
	CondorScratchDir = "/var/lib/condor/execute/slot1/dir_2997040"
	Cpus = 1
	Disk = 7249184
	IoHeavy = 0
	Memory = 2304
...
006 (250903.000.000) 2024-04-18 04:59:02 Image size of job updated: 409336
	346  -  MemoryUsage of job (MB)
	353312  -  ResidentSetSize of job (KB)
...
040 (250903.000.000) 2024-04-18 04:59:02 Started transferring output files
...
040 (250903.000.000) 2024-04-18 04:59:02 Finished transferring output files
...
005 (250903.000.000) 2024-04-18 04:59:02 Job terminated.
	(1) Normal termination (return value 0)
		Usr 0 00:00:01, Sys 0 00:00:00  -  Run Remote Usage
		Usr 0 00:00:00, Sys 0 00:00:00  -  Run Local Usage
		Usr 0 00:00:01, Sys 0 00:00:00  -  Total Remote Usage
		Usr 0 00:00:00, Sys 0 00:00:00  -  Total Local Usage
	97924  -  Run Bytes Sent By Job
	123981736  -  Run Bytes Received By Job
	97924  -  Total Bytes Sent By Job
	123981736  -  Total Bytes Received By Job
	Partitionable Resources :    Usage  Request Allocated 
	   Cpus                 :                 1         1 
	   Disk (KB)            :   506284  6291456   7249184 
	   IoHeavy              :                           0 
	   Memory (MB)          :      346     2200      2304 
	   TimeExecute (s)      :        2                    
	   TimeSlotBusy (s)     :        9                    

	Job terminated of its own accord at 2024-04-18T09:59:02Z with exit-code 0.
...
000 (250904.000.000) 2024-04-18 04:58:17 Job submitted from host: <128.104.100.148:9618?addrs=128.104.100.148-9618+[2607-f388-107c-501-216-3eff-feb2-bc11]-9618&alias=learn.chtc.wisc.edu&noUDP&sock=schedd_1351356_64bc>
...
040 (250904.000.000) 2024-04-18 04:58:44 Started transferring input files
	Transferring to host: <128.105.69.51:9618?addrs=128.105.69.51-9618&alias=herringa2000.chtc.wisc.edu&noUDP&sock=slot1_19_2065307_5e2a_56229>
...
040 (250904.000.000) 2024-04-18 04:58:51 Finished transferring input files
...
001 (250904.000.000) 2024-04-18 04:58:52 Job executing on host: <128.105.69.51:9618?addrs=128.105.69.51-9618&alias=herringa2000.chtc.wisc.edu&noUDP&sock=startd_12652_cc52>
	SlotName: slot1_19@herringa2000.chtc.wisc.edu
	CondorScratchDir = "/var/lib/condor/execute/slot1/dir_659836"
	Cpus = 1
	Disk = 12179663
	GPUs = 0
	Memory = 2304
...
006 (250904.000.000) 2024-04-18 04:58:56 Image size of job updated: 297260
	237  -  MemoryUsage of job (MB)
	241676  -  ResidentSetSize of job (KB)
...
040 (250904.000.000) 2024-04-18 04:58:56 Started transferring output files
...
040 (250904.000.000) 2024-04-18 04:58:56 Finished transferring output files
...
005 (250904.000.000) 2024-04-18 04:58:56 Job terminated.
	(1) Normal termination (return value 0)
		Usr 0 00:00:02, Sys 0 00:00:00  -  Run Remote Usage
		Usr 0 00:00:00, Sys 0 00:00:00  -  Run Local Usage
		Usr 0 00:00:02, Sys 0 00:00:00  -  Total Remote Usage
		Usr 0 00:00:00, Sys 0 00:00:00  -  Total Local Usage
	97949  -  Run Bytes Sent By Job
	123981736  -  Run Bytes Received By Job
	97949  -  Total Bytes Sent By Job
	123981736  -  Total Bytes Received By Job
	Partitionable Resources :    Usage  Request Allocated 
	   Cpus                 :        0        1         1 
	   Disk (KB)            :   506292  6291456  12179663 
	   GPUs                 :                           0 
	   Memory (MB)          :      237     2200      2304 
	   TimeExecute (s)      :        4                    
	   TimeSlotBusy (s)     :       13                    

	Job terminated of its own accord at 2024-04-18T09:58:56Z with exit-code 0.
...
000 (250904.001.000) 2024-04-18 04:58:17 Job submitted from host: <128.104.100.148:9618?addrs=128.104.100.148-9618+[2607-f388-107c-501-216-3eff-feb2-bc11]-9618&alias=learn.chtc.wisc.edu&noUDP&sock=schedd_1351356_64bc>
...
040 (250904.001.000) 2024-04-18 04:58:43 Started transferring input files
	Transferring to host: <128.105.69.183:9618?addrs=128.105.69.183-9618+[2607-f388-2200-100-1270-fdff-fe56-b9c4]-9618&alias=e2566.chtc.wisc.edu&noUDP&sock=slot1_15_1654574_d00c_3330>
...
040 (250904.001.000) 2024-04-18 04:58:48 Finished transferring input files
...
001 (250904.001.000) 2024-04-18 04:58:49 Job executing on host: <128.105.69.183:9618?addrs=128.105.69.183-9618+[2607-f388-2200-100-1270-fdff-fe56-b9c4]-9618&alias=e2566.chtc.wisc.edu&noUDP&sock=startd_12700_b8dd>
	SlotName: slot1_15@e2566.chtc.wisc.edu
	CondorScratchDir = "/var/lib/condor/execute/slot1/dir_2996945"
	Cpus = 1
	Disk = 7249184
	IoHeavy = 0
	Memory = 2304
...
006 (250904.001.000) 2024-04-18 04:58:52 Image size of job updated: 303528
	242  -  MemoryUsage of job (MB)
	247524  -  ResidentSetSize of job (KB)
...
040 (250904.001.000) 2024-04-18 04:58:52 Started transferring output files
...
040 (250904.001.000) 2024-04-18 04:58:52 Finished transferring output files
...
005 (250904.001.000) 2024-04-18 04:58:52 Job terminated.
	(1) Normal termination (return value 0)
		Usr 0 00:00:02, Sys 0 00:00:00  -  Run Remote Usage
		Usr 0 00:00:00, Sys 0 00:00:00  -  Run Local Usage
		Usr 0 00:00:02, Sys 0 00:00:00  -  Total Remote Usage
		Usr 0 00:00:00, Sys 0 00:00:00  -  Total Local Usage
	97977  -  Run Bytes Sent By Job
	123083216  -  Run Bytes Received By Job
	97977  -  Total Bytes Sent By Job
	123083216  -  Total Bytes Received By Job
	Partitionable Resources :    Usage  Request Allocated 
	   Cpus                 :                 1         1 
	   Disk (KB)            :   505409  6291456   7249184 
	   IoHeavy              :                           0 
	   Memory (MB)          :      242     2200      2304 
	   TimeExecute (s)      :        3                    
	   TimeSlotBusy (s)     :        9                    

	Job terminated of its own accord at 2024-04-18T09:58:52Z with exit-code 0.
...
000 (250904.002.000) 2024-04-18 04:58:17 Job submitted from host: <128.104.100.148:9618?addrs=128.104.100.148-9618+[2607-f388-107c-501-216-3eff-feb2-bc11]-9618&alias=learn.chtc.wisc.edu&noUDP&sock=schedd_1351356_64bc>
...
040 (250904.002.000) 2024-04-18 04:58:46 Started transferring input files
	Transferring to host: <128.105.69.92:9618?addrs=128.105.69.92-9618+[2607-f388-2200-100-1270-fdff-fe56-689c]-9618&alias=e4003.chtc.wisc.edu&noUDP&sock=slot1_84_2922930_5b05_60770>
...
040 (250904.002.000) 2024-04-18 04:58:51 Finished transferring input files
...
001 (250904.002.000) 2024-04-18 04:58:52 Job executing on host: <128.105.69.92:9618?addrs=128.105.69.92-9618+[2607-f388-2200-100-1270-fdff-fe56-689c]-9618&alias=e4003.chtc.wisc.edu&noUDP&sock=startd_949623_f860>
	SlotName: slot1_84@e4003.chtc.wisc.edu
	CondorScratchDir = "/var/lib/condor/execute/slot1/dir_290643"
	Cpus = 1
	Disk = 7559680
	GPUs = 0
	IoHeavy = 0
	Memory = 2304
...
006 (250904.002.000) 2024-04-18 04:58:55 Image size of job updated: 406728
	344  -  MemoryUsage of job (MB)
	351420  -  ResidentSetSize of job (KB)
...
040 (250904.002.000) 2024-04-18 04:58:55 Started transferring output files
...
040 (250904.002.000) 2024-04-18 04:58:55 Finished transferring output files
...
005 (250904.002.000) 2024-04-18 04:58:55 Job terminated.
	(1) Normal termination (return value 0)
		Usr 0 00:00:01, Sys 0 00:00:00  -  Run Remote Usage
		Usr 0 00:00:00, Sys 0 00:00:00  -  Run Local Usage
		Usr 0 00:00:01, Sys 0 00:00:00  -  Total Remote Usage
		Usr 0 00:00:00, Sys 0 00:00:00  -  Total Local Usage
	97943  -  Run Bytes Sent By Job
	124753272  -  Run Bytes Received By Job
	97943  -  Total Bytes Sent By Job
	124753272  -  Total Bytes Received By Job
	Partitionable Resources :    Usage  Request Allocated 
	   Cpus                 :                 1         1 
	   Disk (KB)            :   507021  6291456   7559680 
	   GPUs                 :                           0 
	   IoHeavy              :                           0 
	   Memory (MB)          :      344     2200      2304 
	   TimeExecute (s)      :        3                    
	   TimeSlotBusy (s)     :       12                    

	Job terminated of its own accord at 2024-04-18T09:58:55Z with exit-code 0.
...
000 (250904.003.000) 2024-04-18 04:58:17 Job submitted from host: <128.104.100.148:9618?addrs=128.104.100.148-9618+[2607-f388-107c-501-216-3eff-feb2-bc11]-9618&alias=learn.chtc.wisc.edu&noUDP&sock=schedd_1351356_64bc>
...
040 (250904.003.000) 2024-04-18 04:58:47 Started transferring input files
	Transferring to host: <128.105.69.91:9618?addrs=128.105.69.91-9618+[2607-f388-2200-100-1270-fdff-fe56-41c4]-9618&alias=e4002.chtc.wisc.edu&noUDP&sock=slot1_85_2676431_82bd_60625>
...
040 (250904.003.000) 2024-04-18 04:58:52 Finished transferring input files
...
001 (250904.003.000) 2024-04-18 04:58:53 Job executing on host: <128.105.69.91:9618?addrs=128.105.69.91-9618+[2607-f388-2200-100-1270-fdff-fe56-41c4]-9618&alias=e4002.chtc.wisc.edu&noUDP&sock=startd_3718253_dd8e>
	SlotName: slot1_85@e4002.chtc.wisc.edu
	CondorScratchDir = "/var/lib/condor/execute/slot1/dir_801762"
	Cpus = 1
	Disk = 7559680
	GPUs = 0
	IoHeavy = 0
	Memory = 2304
...
006 (250904.003.000) 2024-04-18 04:58:55 Image size of job updated: 406232
	343  -  MemoryUsage of job (MB)
	350408  -  ResidentSetSize of job (KB)
...
040 (250904.003.000) 2024-04-18 04:58:55 Started transferring output files
...
040 (250904.003.000) 2024-04-18 04:58:55 Finished transferring output files
...
005 (250904.003.000) 2024-04-18 04:58:59 Job terminated.
	(1) Normal termination (return value 0)
		Usr 0 00:00:01, Sys 0 00:00:00  -  Run Remote Usage
		Usr 0 00:00:00, Sys 0 00:00:00  -  Run Local Usage
		Usr 0 00:00:01, Sys 0 00:00:00  -  Total Remote Usage
		Usr 0 00:00:00, Sys 0 00:00:00  -  Total Local Usage
	97949  -  Run Bytes Sent By Job
	123474272  -  Run Bytes Received By Job
	97949  -  Total Bytes Sent By Job
	123474272  -  Total Bytes Received By Job
	Partitionable Resources :    Usage  Request Allocated 
	   Cpus                 :                 1         1 
	   Disk (KB)            :   505775  6291456   7559680 
	   GPUs                 :                           0 
	   IoHeavy              :                           0 
	   Memory (MB)          :      343     2200      2304 
	   TimeExecute (s)      :        2                    
	   TimeSlotBusy (s)     :       12                    

	Job terminated of its own accord at 2024-04-18T09:58:55Z with exit-code 0.
...
000 (250904.004.000) 2024-04-18 04:58:17 Job submitted from host: <128.104.100.148:9618?addrs=128.104.100.148-9618+[2607-f388-107c-501-216-3eff-feb2-bc11]-9618&alias=learn.chtc.wisc.edu&noUDP&sock=schedd_1351356_64bc>
...
040 (250904.004.000) 2024-04-18 04:58:46 Started transferring input files
	Transferring to host: <128.105.69.91:9618?addrs=128.105.69.91-9618+[2607-f388-2200-100-1270-fdff-fe56-41c4]-9618&alias=e4002.chtc.wisc.edu&noUDP&sock=slot1_82_2676431_82bd_60624>
...
040 (250904.004.000) 2024-04-18 04:58:50 Finished transferring input files
...
001 (250904.004.000) 2024-04-18 04:58:51 Job executing on host: <128.105.69.91:9618?addrs=128.105.69.91-9618+[2607-f388-2200-100-1270-fdff-fe56-41c4]-9618&alias=e4002.chtc.wisc.edu&noUDP&sock=startd_3718253_dd8e>
	SlotName: slot1_82@e4002.chtc.wisc.edu
	CondorScratchDir = "/var/lib/condor/execute/slot1/dir_801758"
	Cpus = 1
	Disk = 7559680
	GPUs = 0
	IoHeavy = 0
	Memory = 2304
...
006 (250904.004.000) 2024-04-18 04:58:53 Image size of job updated: 406640
	344  -  MemoryUsage of job (MB)
	351264  -  ResidentSetSize of job (KB)
...
040 (250904.004.000) 2024-04-18 04:58:53 Started transferring output files
...
040 (250904.004.000) 2024-04-18 04:58:53 Finished transferring output files
...
005 (250904.004.000) 2024-04-18 04:58:59 Job terminated.
	(1) Normal termination (return value 0)
		Usr 0 00:00:01, Sys 0 00:00:00  -  Run Remote Usage
		Usr 0 00:00:00, Sys 0 00:00:00  -  Run Local Usage
		Usr 0 00:00:01, Sys 0 00:00:00  -  Total Remote Usage
		Usr 0 00:00:00, Sys 0 00:00:00  -  Total Local Usage
	97969  -  Run Bytes Sent By Job
	123659280  -  Run Bytes Received By Job
	97969  -  Total Bytes Sent By Job
	123659280  -  Total Bytes Received By Job
	Partitionable Resources :    Usage  Request Allocated 
	   Cpus                 :                 1         1 
	   Disk (KB)            :   505821  6291456   7559680 
	   GPUs                 :                           0 
	   IoHeavy              :                           0 
	   Memory (MB)          :      344     2200      2304 
	   TimeExecute (s)      :        2                    
	   TimeSlotBusy (s)     :       11                    

	Job terminated of its own accord at 2024-04-18T09:58:53Z with exit-code 0.
...
