000 (250903.000.000) 2024-04-18 04:58:04 Job submitted from host: <128.104.100.148:9618?addrs=128.104.100.148-9618+[2607-f388-107c-501-216-3eff-feb2-bc11]-9618&alias=learn.chtc.wisc.edu&noUDP&sock=schedd_1351356_64bc>
...
040 (250903.000.000) 2024-04-18 04:58:53 Started transferring input files
	Transferring to host: <128.105.69.183:9618?addrs=128.105.69.183-9618+[2607-f388-2200-100-1270-fdff-fe56-b9c4]-9618&alias=e2566.chtc.wisc.edu&noUDP&sock=slot1_15_1654574_d00c_3332>
...
040 (250903.000.000) 2024-04-18 04:58:59 Finished transferring input files
...
001 (250903.000.000) 2024-04-18 04:59:00 Job executing on host: <128.105.69.183:9618?addrs=128.105.69.183-9618+[2607-f388-2200-100-1270-fdff-fe56-b9c4]-9618&alias=e2566.chtc.wisc.edu&noUDP&sock=startd_12700_b8dd>
	SlotName: slot1_15@e2566.chtc.wisc.edu
	CondorScratchDir = "/var/lib/condor/execute/slot1/dir_2997040"
	Cpus = 1
	Disk = 7249184
	IoHeavy = 0
	Memory = 2304
...
006 (250903.000.000) 2024-04-18 04:59:02 Image size of job updated: 409336
	346  -  MemoryUsage of job (MB)
	353312  -  ResidentSetSize of job (KB)
...
040 (250903.000.000) 2024-04-18 04:59:02 Started transferring output files
...
040 (250903.000.000) 2024-04-18 04:59:02 Finished transferring output files
...
005 (250903.000.000) 2024-04-18 04:59:02 Job terminated.
	(1) Normal termination (return value 0)
		Usr 0 00:00:01, Sys 0 00:00:00  -  Run Remote Usage
		Usr 0 00:00:00, Sys 0 00:00:00  -  Run Local Usage
		Usr 0 00:00:01, Sys 0 00:00:00  -  Total Remote Usage
		Usr 0 00:00:00, Sys 0 00:00:00  -  Total Local Usage
	97924  -  Run Bytes Sent By Job
	123981736  -  Run Bytes Received By Job
	97924  -  Total Bytes Sent By Job
	123981736  -  Total Bytes Received By Job
	Partitionable Resources :    Usage  Request Allocated 
	   Cpus                 :                 1         1 
	   Disk (KB)            :   506284  6291456   7249184 
	   IoHeavy              :                           0 
	   Memory (MB)          :      346     2200      2304 
	   TimeExecute (s)      :        2                    
	   TimeSlotBusy (s)     :        9                    

	Job terminated of its own accord at 2024-04-18T09:59:02Z with exit-code 0.
...
